EDA Netlist Writer report for top
Fri Jun 17 12:47:04 2011
Quartus II Version 10.1 Build 197 01/19/2011 Service Pack 1 SJ Full Version


---------------------
; Table of Contents ;
---------------------
  1. Legal Notice
  2. EDA Netlist Writer Summary
  3. Simulation Settings
  4. Simulation Generated Files
  5. EDA Netlist Writer Messages



----------------
; Legal Notice ;
----------------
Copyright (C) 1991-2011 Altera Corporation
Your use of Altera Corporation's design tools, logic functions 
and other software and tools, and its AMPP partner logic 
functions, and any output files from any of the foregoing 
(including device programming or simulation files), and any 
associated documentation or information are expressly subject 
to the terms and conditions of the Altera Program License 
Subscription Agreement, Altera MegaCore Function License 
Agreement, or other applicable license agreement, including, 
without limitation, that your use is for the sole purpose of 
programming logic devices manufactured by Altera and sold by 
Altera or its authorized distributors.  Please refer to the 
applicable agreement for further details.



+-------------------------------------------------------------------+
; EDA Netlist Writer Summary                                        ;
+---------------------------+---------------------------------------+
; EDA Netlist Writer Status ; Successful - Fri Jun 17 12:47:04 2011 ;
; Revision Name             ; top                                   ;
; Top-level Entity Name     ; top                                   ;
; Family                    ; Cyclone IV E                          ;
; Simulation Files Creation ; Successful                            ;
+---------------------------+---------------------------------------+


+---------------------------------------------------------------------------------------------------------------------+
; Simulation Settings                                                                                                 ;
+---------------------------------------------------------------------------------------------------+-----------------+
; Option                                                                                            ; Setting         ;
+---------------------------------------------------------------------------------------------------+-----------------+
; Tool Name                                                                                         ; ModelSim (VHDL) ;
; Generate netlist for functional simulation only                                                   ; Off             ;
; Time scale                                                                                        ; 1 ps            ;
; Truncate long hierarchy paths                                                                     ; Off             ;
; Map illegal HDL characters                                                                        ; Off             ;
; Flatten buses into individual nodes                                                               ; Off             ;
; Maintain hierarchy                                                                                ; Off             ;
; Bring out device-wide set/reset signals as ports                                                  ; Off             ;
; Enable glitch filtering                                                                           ; Off             ;
; Do not write top level VHDL entity                                                                ; Off             ;
; Disable detection of setup and hold time violations in the input registers of bi-directional pins ; Off             ;
; Architecture name in VHDL output netlist                                                          ; structure       ;
; Generate third-party EDA tool command script for RTL functional simulation                        ; Off             ;
; Generate third-party EDA tool command script for gate-level simulation                            ; Off             ;
+---------------------------------------------------------------------------------------------------+-----------------+


+---------------------------------------------------------------------------------------------------------------------+
; Simulation Generated Files                                                                                          ;
+---------------------------------------------------------------------------------------------------------------------+
; Generated Files                                                                                                     ;
+---------------------------------------------------------------------------------------------------------------------+
; /homes/c0726725/Desktop/spear2-hwsw11/workspace/amba_hwsw/quartus/simulation/modelsim/top_7_1200mv_85c_slow.vho     ;
; /homes/c0726725/Desktop/spear2-hwsw11/workspace/amba_hwsw/quartus/simulation/modelsim/top.vho                       ;
; /homes/c0726725/Desktop/spear2-hwsw11/workspace/amba_hwsw/quartus/simulation/modelsim/top_7_1200mv_85c_vhd_slow.sdo ;
; /homes/c0726725/Desktop/spear2-hwsw11/workspace/amba_hwsw/quartus/simulation/modelsim/top_vhd.sdo                   ;
+---------------------------------------------------------------------------------------------------------------------+


+-----------------------------+
; EDA Netlist Writer Messages ;
+-----------------------------+
Info: *******************************************************************
Info: Running Quartus II EDA Netlist Writer
    Info: Version 10.1 Build 197 01/19/2011 Service Pack 1 SJ Full Version
    Info: Processing started: Fri Jun 17 12:46:43 2011
Info: Command: quartus_eda --read_settings_files=off --write_settings_files=off top -c top
Info: Generated simulation netlist will be non-hierarchical because the design has SignalTap II partitions, termination control logic and/or a design partition that contains bidirectional ports
Info: Generated file top_7_1200mv_85c_slow.vho in folder "/homes/c0726725/Desktop/spear2-hwsw11/workspace/amba_hwsw/quartus/simulation/modelsim/" for EDA simulation tool
Info: Generated file top.vho in folder "/homes/c0726725/Desktop/spear2-hwsw11/workspace/amba_hwsw/quartus/simulation/modelsim/" for EDA simulation tool
Info: Generated file top_7_1200mv_85c_vhd_slow.sdo in folder "/homes/c0726725/Desktop/spear2-hwsw11/workspace/amba_hwsw/quartus/simulation/modelsim/" for EDA simulation tool
Info: Generated file top_vhd.sdo in folder "/homes/c0726725/Desktop/spear2-hwsw11/workspace/amba_hwsw/quartus/simulation/modelsim/" for EDA simulation tool
Info: Quartus II EDA Netlist Writer was successful. 0 errors, 0 warnings
    Info: Peak virtual memory: 299 megabytes
    Info: Processing ended: Fri Jun 17 12:47:04 2011
    Info: Elapsed time: 00:00:21
    Info: Total CPU time (on all processors): 00:00:16


